..............................................s..................s...... [ 24%]
........................................................................ [ 48%]
........................................................................ [ 72%]
........................................................................ [ 96%]
.........                                                                [100%]
=============================== warnings summary ===============================
.venv/lib/python3.12/site-packages/fastapi/testclient.py:1
  /mnt/c/Users/AnatolKhmialeuski/Workspace/fly-connectome-lab/.venv/lib/python3.12/site-packages/fastapi/testclient.py:1: StarletteDeprecationWarning: Using `httpx` with `starlette.testclient` is deprecated; install `httpx2` instead.
    from starlette.testclient import TestClient as TestClient  # noqa

.venv/lib/python3.12/site-packages/starlette/testclient.py:53
  /mnt/c/Users/AnatolKhmialeuski/Workspace/fly-connectome-lab/.venv/lib/python3.12/site-packages/starlette/testclient.py:53: DeprecationWarning: The anyio.abc.BlockingPortal alias is deprecated, use anyio.from_thread.BlockingPortal instead.
    _PortalFactoryType = Callable[[], AbstractContextManager[anyio.abc.BlockingPortal]]

-- Docs: https://docs.pytest.org/en/stable/how-to/capture-warnings.html
================================ tests coverage ================================
_______________ coverage: platform linux, python 3.12.12-final-0 _______________

Name                                    Stmts   Miss Branch BrPart  Cover   Missing
-----------------------------------------------------------------------------------
src/flystate/cli/diagnose.py               25      0      4      1    97%   85->87
src/flystate/diagnostics/artifacts.py      66      0     10      1    99%   65->69
src/flystate/diagnostics/audit.py          89      3     22      3    95%   82->84, 153, 189-197
src/flystate/diagnostics/data.py           53      1     10      1    97%   80
src/flystate/diagnostics/probes.py         57      3     10      1    94%   112, 187-188
-----------------------------------------------------------------------------------
TOTAL                                    3311      7    782      7    99%

60 files skipped due to complete coverage.
295 passed, 2 skipped, 2 warnings in 360.56s (0:06:00)
